2025-05-15 07:59:51,101 - __main__ - INFO - Bot will only respond to chat ID: 226629698
2025-05-15 08:03:31,412 - __main__ - INFO - Bot will only respond to chat ID: 226629698
2025-05-15 08:04:58,569 - __main__ - INFO - Bot will only respond to chat ID: 226629698
2025-05-15 08:04:58,572 - telegram.ext.dispatcher - DEBUG - Setting singleton dispatcher as <telegram.ext.dispatcher.Dispatcher object at 0x7fb4e8ebb520>
2025-05-15 08:05:15,267 - __main__ - INFO - Bot will only respond to chat ID: 226629698
2025-05-15 08:05:15,268 - telegram.ext.dispatcher - DEBUG - Setting singleton dispatcher as <telegram.ext.dispatcher.Dispatcher object at 0x7f4bd07c3520>
2025-05-15 08:06:49,669 - __main__ - INFO - Bot will only respond to chat ID: 226629698
2025-05-15 08:06:49,672 - telegram.ext.dispatcher - DEBUG - Setting singleton dispatcher as <telegram.ext.dispatcher.Dispatcher object at 0x7f04e5ffb520>
2025-05-15 08:08:03,655 - __main__ - INFO - Bot will only respond to chat ID: 226629698
2025-05-15 08:08:03,656 - telegram.ext.dispatcher - DEBUG - Setting singleton dispatcher as <telegram.ext.dispatcher.Dispatcher object at 0x7fbe66eff520>
2025-05-15 08:08:03,657 - __main__ - INFO - Starting bot...
2025-05-15 08:08:03,657 - apscheduler.scheduler - INFO - Scheduler started
2025-05-15 08:08:03,657 - apscheduler.scheduler - DEBUG - Looking for jobs to run
2025-05-15 08:08:03,658 - telegram.bot - DEBUG - Entering: get_me
2025-05-15 08:08:03,658 - apscheduler.scheduler - DEBUG - No jobs; waiting until a job is added
2025-05-15 08:08:04,368 - telegram.bot - DEBUG - {'can_join_groups': True, 'supports_inline_queries': False, 'first_name': 'Helferlein', 'can_read_all_group_messages': False, 'id': 405509904, 'username': 'Tims_Helferlein_bot', 'is_bot': True}
2025-05-15 08:08:04,368 - telegram.bot - DEBUG - Exiting: get_me
2025-05-15 08:08:04,369 - telegram.ext.updater - DEBUG - Bot:405509904:dispatcher - started
2025-05-15 08:08:04,369 - telegram.ext.updater - DEBUG - Bot:405509904:updater - started
2025-05-15 08:08:04,370 - telegram.ext.updater - DEBUG - Waiting for Dispatcher and polling to start
2025-05-15 08:08:04,370 - telegram.ext.updater - DEBUG - Updater thread started (polling)
2025-05-15 08:08:04,371 - telegram.ext.dispatcher - DEBUG - Dispatcher started
2025-05-15 08:08:04,372 - telegram.ext.updater - DEBUG - Start network loop retry bootstrap del webhook
2025-05-15 08:08:04,372 - telegram.ext.updater - DEBUG - Deleting webhook
2025-05-15 08:08:04,372 - telegram.bot - DEBUG - Entering: delete_webhook
2025-05-15 08:08:04,426 - telegram.bot - DEBUG - True
2025-05-15 08:08:04,426 - telegram.bot - DEBUG - Exiting: delete_webhook
2025-05-15 08:08:04,426 - telegram.ext.updater - DEBUG - Bootstrap done
2025-05-15 08:08:04,426 - telegram.ext.updater - DEBUG - Start network loop retry getting Updates
2025-05-15 08:08:04,427 - telegram.bot - DEBUG - Entering: get_updates
2025-05-15 08:08:04,478 - telegram.bot - DEBUG - Getting updates: [817223552, 817223553]
2025-05-15 08:08:04,478 - telegram.bot - DEBUG - [<telegram.update.Update object at 0x7fbe66eff860>, <telegram.update.Update object at 0x7fbe66eff930>]
2025-05-15 08:08:04,479 - telegram.bot - DEBUG - Exiting: get_updates
2025-05-15 08:08:04,479 - telegram.bot - DEBUG - Entering: get_updates
2025-05-15 08:08:04,479 - telegram.ext.dispatcher - DEBUG - Processing Update: {'update_id': 817223552, 'message': {'date': 1747286239, 'delete_chat_photo': False, 'caption_entities': [], 'new_chat_members': [], 'group_chat_created': False, 'chat': {'id': 226629698, 'first_name': 'Tim', 'type': 'private'}, 'text': 'Test', 'supergroup_chat_created': False, 'message_id': 465, 'new_chat_photo': [], 'channel_chat_created': False, 'photo': [], 'entities': [], 'from': {'first_name': 'Tim', 'id': 226629698, 'language_code': 'de', 'is_bot': False}}}
2025-05-15 08:08:04,481 - telegram.ext.dispatcher - DEBUG - Processing Update: {'update_id': 817223553, 'message': {'date': 1747286242, 'delete_chat_photo': False, 'caption_entities': [], 'new_chat_members': [], 'group_chat_created': False, 'chat': {'id': 226629698, 'first_name': 'Tim', 'type': 'private'}, 'text': 'Asdf', 'supergroup_chat_created': False, 'message_id': 466, 'new_chat_photo': [], 'channel_chat_created': False, 'photo': [], 'entities': [], 'from': {'first_name': 'Tim', 'id': 226629698, 'language_code': 'de', 'is_bot': False}}}
2025-05-15 08:08:14,633 - telegram.bot - DEBUG - No new updates found.
2025-05-15 08:08:14,634 - telegram.bot - DEBUG - []
2025-05-15 08:08:14,634 - telegram.bot - DEBUG - Exiting: get_updates
2025-05-15 08:08:14,634 - telegram.bot - DEBUG - Entering: get_updates
2025-05-15 08:08:24,751 - telegram.bot - DEBUG - No new updates found.
2025-05-15 08:08:24,752 - telegram.bot - DEBUG - []
2025-05-15 08:08:24,752 - telegram.bot - DEBUG - Exiting: get_updates
2025-05-15 08:08:24,752 - telegram.bot - DEBUG - Entering: get_updates
2025-05-15 08:08:35,277 - telegram.bot - DEBUG - No new updates found.
2025-05-15 08:08:35,277 - telegram.bot - DEBUG - []
2025-05-15 08:08:35,277 - telegram.bot - DEBUG - Exiting: get_updates
2025-05-15 08:08:35,277 - telegram.bot - DEBUG - Entering: get_updates
2025-05-15 08:08:45,481 - telegram.bot - DEBUG - No new updates found.
2025-05-15 08:08:45,482 - telegram.bot - DEBUG - []
2025-05-15 08:08:45,482 - telegram.bot - DEBUG - Exiting: get_updates
2025-05-15 08:08:45,482 - telegram.bot - DEBUG - Entering: get_updates
2025-05-15 08:08:55,566 - telegram.bot - DEBUG - No new updates found.
2025-05-15 08:08:55,567 - telegram.bot - DEBUG - []
2025-05-15 08:08:55,567 - telegram.bot - DEBUG - Exiting: get_updates
2025-05-15 08:08:55,567 - telegram.bot - DEBUG - Entering: get_updates
2025-05-15 08:09:05,706 - telegram.bot - DEBUG - No new updates found.
2025-05-15 08:09:05,706 - telegram.bot - DEBUG - []
2025-05-15 08:09:05,706 - telegram.bot - DEBUG - Exiting: get_updates
2025-05-15 08:09:05,707 - telegram.bot - DEBUG - Entering: get_updates
2025-05-15 08:09:15,879 - telegram.bot - DEBUG - No new updates found.
2025-05-15 08:09:15,879 - telegram.bot - DEBUG - []
2025-05-15 08:09:15,879 - telegram.bot - DEBUG - Exiting: get_updates
2025-05-15 08:09:15,879 - telegram.bot - DEBUG - Entering: get_updates
2025-05-15 08:09:25,941 - telegram.bot - DEBUG - No new updates found.
2025-05-15 08:09:25,941 - telegram.bot - DEBUG - []
2025-05-15 08:09:25,941 - telegram.bot - DEBUG - Exiting: get_updates
2025-05-15 08:09:25,942 - telegram.bot - DEBUG - Entering: get_updates
2025-05-15 08:09:36,223 - telegram.bot - DEBUG - No new updates found.
2025-05-15 08:09:36,224 - telegram.bot - DEBUG - []
2025-05-15 08:09:36,224 - telegram.bot - DEBUG - Exiting: get_updates
2025-05-15 08:09:36,224 - telegram.bot - DEBUG - Entering: get_updates
2025-05-15 08:09:38,440 - telegram.bot - DEBUG - Getting updates: [817223554]
2025-05-15 08:09:38,441 - telegram.bot - DEBUG - [<telegram.update.Update object at 0x7fbe66effa00>]
2025-05-15 08:09:38,441 - telegram.bot - DEBUG - Exiting: get_updates
2025-05-15 08:09:38,441 - telegram.bot - DEBUG - Entering: get_updates
2025-05-15 08:09:38,441 - telegram.ext.dispatcher - DEBUG - Processing Update: {'update_id': 817223554, 'message': {'date': 1747289378, 'delete_chat_photo': False, 'caption_entities': [], 'new_chat_members': [], 'group_chat_created': False, 'chat': {'id': 226629698, 'first_name': 'Tim', 'type': 'private'}, 'text': 'https://youtu.be/96J7-KF4kHo?si=xJsAIGV1aIJeh3pp', 'supergroup_chat_created': False, 'message_id': 467, 'new_chat_photo': [], 'channel_chat_created': False, 'photo': [], 'entities': [{'length': 48, 'type': 'url', 'offset': 0}], 'from': {'first_name': 'Tim', 'id': 226629698, 'language_code': 'de', 'is_bot': False}}}
2025-05-15 08:09:38,442 - telegram.bot - DEBUG - Entering: send_message
2025-05-15 08:09:39,068 - telegram.bot - DEBUG - {'date': 1747289379, 'delete_chat_photo': False, 'caption_entities': [], 'new_chat_members': [], 'group_chat_created': False, 'chat': {'id': 226629698, 'first_name': 'Tim', 'type': 'private'}, 'text': 'Downloading video 96J7-KF4kHo...', 'supergroup_chat_created': False, 'message_id': 468, 'new_chat_photo': [], 'channel_chat_created': False, 'photo': [], 'entities': [], 'from': {'first_name': 'Helferlein', 'id': 405509904, 'username': 'Tims_Helferlein_bot', 'is_bot': True}}
2025-05-15 08:09:39,069 - telegram.bot - DEBUG - Exiting: send_message
2025-05-15 08:09:39,069 - pytube.helpers - DEBUG - matched regex search: (?:v=|\/)([0-9A-Za-z_-]{11}).*
2025-05-15 08:09:39,602 - __main__ - ERROR - Error downloading video 96J7-KF4kHo: HTTP Error 400: Bad Request
2025-05-15 08:09:39,603 - telegram.bot - DEBUG - Entering: edit_message_text
2025-05-15 08:09:39,686 - telegram.bot - DEBUG - {'date': 1747289379, 'delete_chat_photo': False, 'caption_entities': [], 'new_chat_members': [], 'group_chat_created': False, 'chat': {'id': 226629698, 'first_name': 'Tim', 'type': 'private'}, 'text': 'Failed to download video: HTTP Error 400: Bad Request', 'supergroup_chat_created': False, 'edit_date': 1747289379, 'message_id': 468, 'new_chat_photo': [], 'channel_chat_created': False, 'photo': [], 'entities': [], 'from': {'first_name': 'Helferlein', 'id': 405509904, 'username': 'Tims_Helferlein_bot', 'is_bot': True}}
2025-05-15 08:09:39,687 - telegram.bot - DEBUG - Exiting: edit_message_text
2025-05-15 08:09:48,717 - telegram.bot - DEBUG - No new updates found.
2025-05-15 08:09:48,718 - telegram.bot - DEBUG - []
2025-05-15 08:09:48,718 - telegram.bot - DEBUG - Exiting: get_updates
2025-05-15 08:09:48,718 - telegram.bot - DEBUG - Entering: get_updates
2025-05-15 08:09:58,775 - telegram.bot - DEBUG - No new updates found.
2025-05-15 08:09:58,775 - telegram.bot - DEBUG - []
2025-05-15 08:09:58,776 - telegram.bot - DEBUG - Exiting: get_updates
2025-05-15 08:09:58,776 - telegram.bot - DEBUG - Entering: get_updates
2025-05-15 08:10:08,828 - telegram.bot - DEBUG - No new updates found.
2025-05-15 08:10:08,828 - telegram.bot - DEBUG - []
2025-05-15 08:10:08,828 - telegram.bot - DEBUG - Exiting: get_updates
2025-05-15 08:10:08,829 - telegram.bot - DEBUG - Entering: get_updates
2025-05-15 08:10:19,055 - telegram.bot - DEBUG - No new updates found.
2025-05-15 08:10:19,056 - telegram.bot - DEBUG - []
2025-05-15 08:10:19,056 - telegram.bot - DEBUG - Exiting: get_updates
2025-05-15 08:10:19,056 - telegram.bot - DEBUG - Entering: get_updates
